2014-11-26 14:30:01 11540 [Note] Plugin 'FEDERATED' is disabled.
2014-11-26 14:30:01 11540 [Note] InnoDB: The InnoDB memory heap is disabled
2014-11-26 14:30:01 11540 [Note] InnoDB: Mutexes and rw_locks use Windows interlocked functions
2014-11-26 14:30:01 11540 [Note] InnoDB: Compressed tables use zlib 1.2.3
2014-11-26 14:30:01 11540 [Note] InnoDB: Not using CPU crc32 instructions
2014-11-26 14:30:01 11540 [Note] InnoDB: Initializing buffer pool, size = 128.0M
2014-11-26 14:30:01 11540 [Note] InnoDB: Completed initialization of buffer pool
2014-11-26 14:30:01 11540 [Note] InnoDB: Setting log file C:\Users\Benjamin\Desktop\USB_Prog4\mysql\data\ib_logfile101 size to 5 MB
2014-11-26 14:30:02 11540 [Note] InnoDB: Setting log file C:\Users\Benjamin\Desktop\USB_Prog4\mysql\data\ib_logfile1 size to 5 MB
2014-11-26 14:30:02 11540 [Note] InnoDB: Renaming log file C:\Users\Benjamin\Desktop\USB_Prog4\mysql\data\ib_logfile101 to C:\Users\Benjamin\Desktop\USB_Prog4\mysql\data\ib_logfile0
2014-11-26 14:30:02 11540 [Warning] InnoDB: New log files created, LSN=1626134
2014-11-26 14:30:02 11540 [Note] InnoDB: Highest supported file format is Barracuda.
2014-11-26 14:30:02 11540 [Note] InnoDB: 128 rollback segment(s) are active.
2014-11-26 14:30:02 11540 [Note] InnoDB: Waiting for purge to start
2014-11-26 14:30:02 11540 [Note] InnoDB: 5.6.13 started; log sequence number 1626636
2014-11-26 14:30:02 11540 [Warning] No existing UUID has been found, so we assume that this is the first time that this server has been started. Generating a new UUID: 53b412e3-7570-11e4-85fe-8056f234adb8.
2014-11-26 14:30:03 11540 [Note] Server hostname (bind-address): '*'; port: 3307
2014-11-26 14:30:03 11540 [Note] IPv6 is available.
2014-11-26 14:30:03 11540 [Note]   - '::' resolves to '::';
2014-11-26 14:30:03 11540 [Note] Server socket created on IP: '::'.
2014-12-01 13:38:40 9532 [Note] Plugin 'FEDERATED' is disabled.
2014-12-01 13:38:40 9532 [Note] InnoDB: The InnoDB memory heap is disabled
2014-12-01 13:38:40 9532 [Note] InnoDB: Mutexes and rw_locks use Windows interlocked functions
2014-12-01 13:38:40 9532 [Note] InnoDB: Compressed tables use zlib 1.2.3
2014-12-01 13:38:40 9532 [Note] InnoDB: Not using CPU crc32 instructions
2014-12-01 13:38:40 9532 [Note] InnoDB: Initializing buffer pool, size = 128.0M
2014-12-01 13:38:40 9532 [Note] InnoDB: Completed initialization of buffer pool
2014-12-01 13:38:40 9532 [Note] InnoDB: Highest supported file format is Barracuda.
2014-12-01 13:38:40 9532 [Note] InnoDB: The log sequence numbers 1626134 and 1626134 in ibdata files do not match the log sequence number 1669906 in the ib_logfiles!
2014-12-01 13:38:40 9532 [Note] InnoDB: Database was not shutdown normally!
2014-12-01 13:38:40 9532 [Note] InnoDB: Starting crash recovery.
2014-12-01 13:38:40 9532 [Note] InnoDB: Reading tablespace information from the .ibd files...
2014-12-01 13:38:40 9532 [Note] InnoDB: Restoring possible half-written data pages 
2014-12-01 13:38:40 9532 [Note] InnoDB: from the doublewrite buffer...
2014-12-01 13:38:41 9532 [Note] InnoDB: 128 rollback segment(s) are active.
2014-12-01 13:38:41 9532 [Note] InnoDB: Waiting for purge to start
2014-12-01 13:38:41 9532 [Note] InnoDB: 5.6.13 started; log sequence number 1669906
2014-12-01 13:38:41 9532 [Note] Server hostname (bind-address): '*'; port: 3307
2014-12-01 13:38:41 9532 [Note] IPv6 is available.
2014-12-01 13:38:41 9532 [Note]   - '::' resolves to '::';
2014-12-01 13:38:41 9532 [Note] Server socket created on IP: '::'.
